<?xml version="1.0" encoding="UTF-8"?>
<testsuite xmlns:xsi="http://www.w3.org/2001/XMLSchema-instance" xsi:noNamespaceSchemaLocation="https://maven.apache.org/surefire/maven-surefire-plugin/xsd/surefire-test-report.xsd" name="myapp.TestMyApp" time="1.883" tests="4" errors="0" skipped="0" failures="0">
  <properties>
    <property name="java.specification.version" value="17"/>
    <property name="sun.jnu.encoding" value="UTF-8"/>
    <property name="java.class.path" value="/Users/max/.m2/repository/org/apache/maven/surefire/surefire-booter/2.22.2/surefire-booter-2.22.2.jar:/Users/max/.m2/repository/org/apache/maven/surefire/surefire-api/2.22.2/surefire-api-2.22.2.jar:/Users/max/.m2/repository/org/apache/maven/surefire/surefire-logger-api/2.22.2/surefire-logger-api-2.22.2.jar:/Users/max/Desktop/jeeApp/target/test-classes:/Users/max/Desktop/jeeApp/target/classes:/Users/max/.m2/repository/org/springframework/boot/spring-boot-starter/2.6.14/spring-boot-starter-2.6.14.jar:/Users/max/.m2/repository/org/springframework/boot/spring-boot/2.6.14/spring-boot-2.6.14.jar:/Users/max/.m2/repository/org/springframework/spring-context/5.3.24/spring-context-5.3.24.jar:/Users/max/.m2/repository/org/springframework/spring-aop/5.3.24/spring-aop-5.3.24.jar:/Users/max/.m2/repository/org/springframework/spring-beans/5.3.24/spring-beans-5.3.24.jar:/Users/max/.m2/repository/org/springframework/spring-expression/5.3.24/spring-expression-5.3.24.jar:/Users/max/.m2/repository/org/springframework/boot/spring-boot-autoconfigure/2.6.14/spring-boot-autoconfigure-2.6.14.jar:/Users/max/.m2/repository/org/springframework/boot/spring-boot-starter-logging/2.6.14/spring-boot-starter-logging-2.6.14.jar:/Users/max/.m2/repository/ch/qos/logback/logback-classic/1.2.11/logback-classic-1.2.11.jar:/Users/max/.m2/repository/ch/qos/logback/logback-core/1.2.11/logback-core-1.2.11.jar:/Users/max/.m2/repository/org/apache/logging/log4j/log4j-to-slf4j/2.17.2/log4j-to-slf4j-2.17.2.jar:/Users/max/.m2/repository/org/apache/logging/log4j/log4j-api/2.17.2/log4j-api-2.17.2.jar:/Users/max/.m2/repository/org/slf4j/jul-to-slf4j/1.7.36/jul-to-slf4j-1.7.36.jar:/Users/max/.m2/repository/jakarta/annotation/jakarta.annotation-api/1.3.5/jakarta.annotation-api-1.3.5.jar:/Users/max/.m2/repository/org/springframework/spring-core/5.3.24/spring-core-5.3.24.jar:/Users/max/.m2/repository/org/springframework/spring-jcl/5.3.24/spring-jcl-5.3.24.jar:/Users/max/.m2/repository/org/yaml/snakeyaml/1.29/snakeyaml-1.29.jar:/Users/max/.m2/repository/org/springframework/boot/spring-boot-starter-test/2.6.14/spring-boot-starter-test-2.6.14.jar:/Users/max/.m2/repository/org/springframework/boot/spring-boot-test/2.6.14/spring-boot-test-2.6.14.jar:/Users/max/.m2/repository/org/springframework/boot/spring-boot-test-autoconfigure/2.6.14/spring-boot-test-autoconfigure-2.6.14.jar:/Users/max/.m2/repository/com/jayway/jsonpath/json-path/2.6.0/json-path-2.6.0.jar:/Users/max/.m2/repository/net/minidev/json-smart/2.4.8/json-smart-2.4.8.jar:/Users/max/.m2/repository/net/minidev/accessors-smart/2.4.8/accessors-smart-2.4.8.jar:/Users/max/.m2/repository/org/ow2/asm/asm/9.1/asm-9.1.jar:/Users/max/.m2/repository/org/slf4j/slf4j-api/1.7.36/slf4j-api-1.7.36.jar:/Users/max/.m2/repository/jakarta/xml/bind/jakarta.xml.bind-api/2.3.3/jakarta.xml.bind-api-2.3.3.jar:/Users/max/.m2/repository/jakarta/activation/jakarta.activation-api/1.2.2/jakarta.activation-api-1.2.2.jar:/Users/max/.m2/repository/org/assertj/assertj-core/3.21.0/assertj-core-3.21.0.jar:/Users/max/.m2/repository/org/hamcrest/hamcrest/2.2/hamcrest-2.2.jar:/Users/max/.m2/repository/org/junit/jupiter/junit-jupiter/5.8.2/junit-jupiter-5.8.2.jar:/Users/max/.m2/repository/org/junit/jupiter/junit-jupiter-api/5.8.2/junit-jupiter-api-5.8.2.jar:/Users/max/.m2/repository/org/opentest4j/opentest4j/1.2.0/opentest4j-1.2.0.jar:/Users/max/.m2/repository/org/junit/platform/junit-platform-commons/1.8.2/junit-platform-commons-1.8.2.jar:/Users/max/.m2/repository/org/apiguardian/apiguardian-api/1.1.2/apiguardian-api-1.1.2.jar:/Users/max/.m2/repository/org/junit/jupiter/junit-jupiter-params/5.8.2/junit-jupiter-params-5.8.2.jar:/Users/max/.m2/repository/org/junit/jupiter/junit-jupiter-engine/5.8.2/junit-jupiter-engine-5.8.2.jar:/Users/max/.m2/repository/org/junit/platform/junit-platform-engine/1.8.2/junit-platform-engine-1.8.2.jar:/Users/max/.m2/repository/org/mockito/mockito-core/4.0.0/mockito-core-4.0.0.jar:/Users/max/.m2/repository/net/bytebuddy/byte-buddy/1.11.22/byte-buddy-1.11.22.jar:/Users/max/.m2/repository/net/bytebuddy/byte-buddy-agent/1.11.22/byte-buddy-agent-1.11.22.jar:/Users/max/.m2/repository/org/objenesis/objenesis/3.2/objenesis-3.2.jar:/Users/max/.m2/repository/org/mockito/mockito-junit-jupiter/4.0.0/mockito-junit-jupiter-4.0.0.jar:/Users/max/.m2/repository/org/skyscreamer/jsonassert/1.5.1/jsonassert-1.5.1.jar:/Users/max/.m2/repository/com/vaadin/external/google/android-json/0.0.20131108.vaadin1/android-json-0.0.20131108.vaadin1.jar:/Users/max/.m2/repository/org/springframework/spring-test/5.3.24/spring-test-5.3.24.jar:/Users/max/.m2/repository/org/xmlunit/xmlunit-core/2.8.4/xmlunit-core-2.8.4.jar:/Users/max/.m2/repository/org/projectlombok/lombok/1.18.24/lombok-1.18.24.jar:/Users/max/.m2/repository/org/apache/maven/surefire/surefire-junit-platform/2.22.2/surefire-junit-platform-2.22.2.jar:/Users/max/.m2/repository/org/junit/platform/junit-platform-launcher/1.3.1/junit-platform-launcher-1.3.1.jar"/>
    <property name="java.vm.vendor" value="Eclipse Adoptium"/>
    <property name="sun.arch.data.model" value="64"/>
    <property name="java.vendor.url" value="https://adoptium.net/"/>
    <property name="os.name" value="Mac OS X"/>
    <property name="java.vm.specification.version" value="17"/>
    <property name="sun.java.launcher" value="SUN_STANDARD"/>
    <property name="user.country" value="FR"/>
    <property name="sun.boot.library.path" value="/Users/max/.p2/pool/plugins/org.eclipse.justj.openjdk.hotspot.jre.full.macosx.x86_64_17.0.6.v20230204-1729/jre/lib"/>
    <property name="sun.java.command" value="org.apache.maven.surefire.booter.ForkedBooter /Users/max/Desktop/jeeApp/target/surefire 2023-03-01T10-07-42_050-jvmRun1 surefire6899352410362198492tmp surefire_03672656695630203847tmp"/>
    <property name="http.nonProxyHosts" value="local|*.local|169.254/16|*.169.254/16"/>
    <property name="jdk.debug" value="release"/>
    <property name="surefire.test.class.path" value="/Users/max/Desktop/jeeApp/target/test-classes:/Users/max/Desktop/jeeApp/target/classes:/Users/max/.m2/repository/org/springframework/boot/spring-boot-starter/2.6.14/spring-boot-starter-2.6.14.jar:/Users/max/.m2/repository/org/springframework/boot/spring-boot/2.6.14/spring-boot-2.6.14.jar:/Users/max/.m2/repository/org/springframework/spring-context/5.3.24/spring-context-5.3.24.jar:/Users/max/.m2/repository/org/springframework/spring-aop/5.3.24/spring-aop-5.3.24.jar:/Users/max/.m2/repository/org/springframework/spring-beans/5.3.24/spring-beans-5.3.24.jar:/Users/max/.m2/repository/org/springframework/spring-expression/5.3.24/spring-expression-5.3.24.jar:/Users/max/.m2/repository/org/springframework/boot/spring-boot-autoconfigure/2.6.14/spring-boot-autoconfigure-2.6.14.jar:/Users/max/.m2/repository/org/springframework/boot/spring-boot-starter-logging/2.6.14/spring-boot-starter-logging-2.6.14.jar:/Users/max/.m2/repository/ch/qos/logback/logback-classic/1.2.11/logback-classic-1.2.11.jar:/Users/max/.m2/repository/ch/qos/logback/logback-core/1.2.11/logback-core-1.2.11.jar:/Users/max/.m2/repository/org/apache/logging/log4j/log4j-to-slf4j/2.17.2/log4j-to-slf4j-2.17.2.jar:/Users/max/.m2/repository/org/apache/logging/log4j/log4j-api/2.17.2/log4j-api-2.17.2.jar:/Users/max/.m2/repository/org/slf4j/jul-to-slf4j/1.7.36/jul-to-slf4j-1.7.36.jar:/Users/max/.m2/repository/jakarta/annotation/jakarta.annotation-api/1.3.5/jakarta.annotation-api-1.3.5.jar:/Users/max/.m2/repository/org/springframework/spring-core/5.3.24/spring-core-5.3.24.jar:/Users/max/.m2/repository/org/springframework/spring-jcl/5.3.24/spring-jcl-5.3.24.jar:/Users/max/.m2/repository/org/yaml/snakeyaml/1.29/snakeyaml-1.29.jar:/Users/max/.m2/repository/org/springframework/boot/spring-boot-starter-test/2.6.14/spring-boot-starter-test-2.6.14.jar:/Users/max/.m2/repository/org/springframework/boot/spring-boot-test/2.6.14/spring-boot-test-2.6.14.jar:/Users/max/.m2/repository/org/springframework/boot/spring-boot-test-autoconfigure/2.6.14/spring-boot-test-autoconfigure-2.6.14.jar:/Users/max/.m2/repository/com/jayway/jsonpath/json-path/2.6.0/json-path-2.6.0.jar:/Users/max/.m2/repository/net/minidev/json-smart/2.4.8/json-smart-2.4.8.jar:/Users/max/.m2/repository/net/minidev/accessors-smart/2.4.8/accessors-smart-2.4.8.jar:/Users/max/.m2/repository/org/ow2/asm/asm/9.1/asm-9.1.jar:/Users/max/.m2/repository/org/slf4j/slf4j-api/1.7.36/slf4j-api-1.7.36.jar:/Users/max/.m2/repository/jakarta/xml/bind/jakarta.xml.bind-api/2.3.3/jakarta.xml.bind-api-2.3.3.jar:/Users/max/.m2/repository/jakarta/activation/jakarta.activation-api/1.2.2/jakarta.activation-api-1.2.2.jar:/Users/max/.m2/repository/org/assertj/assertj-core/3.21.0/assertj-core-3.21.0.jar:/Users/max/.m2/repository/org/hamcrest/hamcrest/2.2/hamcrest-2.2.jar:/Users/max/.m2/repository/org/junit/jupiter/junit-jupiter/5.8.2/junit-jupiter-5.8.2.jar:/Users/max/.m2/repository/org/junit/jupiter/junit-jupiter-api/5.8.2/junit-jupiter-api-5.8.2.jar:/Users/max/.m2/repository/org/opentest4j/opentest4j/1.2.0/opentest4j-1.2.0.jar:/Users/max/.m2/repository/org/junit/platform/junit-platform-commons/1.8.2/junit-platform-commons-1.8.2.jar:/Users/max/.m2/repository/org/apiguardian/apiguardian-api/1.1.2/apiguardian-api-1.1.2.jar:/Users/max/.m2/repository/org/junit/jupiter/junit-jupiter-params/5.8.2/junit-jupiter-params-5.8.2.jar:/Users/max/.m2/repository/org/junit/jupiter/junit-jupiter-engine/5.8.2/junit-jupiter-engine-5.8.2.jar:/Users/max/.m2/repository/org/junit/platform/junit-platform-engine/1.8.2/junit-platform-engine-1.8.2.jar:/Users/max/.m2/repository/org/mockito/mockito-core/4.0.0/mockito-core-4.0.0.jar:/Users/max/.m2/repository/net/bytebuddy/byte-buddy/1.11.22/byte-buddy-1.11.22.jar:/Users/max/.m2/repository/net/bytebuddy/byte-buddy-agent/1.11.22/byte-buddy-agent-1.11.22.jar:/Users/max/.m2/repository/org/objenesis/objenesis/3.2/objenesis-3.2.jar:/Users/max/.m2/repository/org/mockito/mockito-junit-jupiter/4.0.0/mockito-junit-jupiter-4.0.0.jar:/Users/max/.m2/repository/org/skyscreamer/jsonassert/1.5.1/jsonassert-1.5.1.jar:/Users/max/.m2/repository/com/vaadin/external/google/android-json/0.0.20131108.vaadin1/android-json-0.0.20131108.vaadin1.jar:/Users/max/.m2/repository/org/springframework/spring-test/5.3.24/spring-test-5.3.24.jar:/Users/max/.m2/repository/org/xmlunit/xmlunit-core/2.8.4/xmlunit-core-2.8.4.jar:/Users/max/.m2/repository/org/projectlombok/lombok/1.18.24/lombok-1.18.24.jar:"/>
    <property name="sun.cpu.endian" value="little"/>
    <property name="user.home" value="/Users/max"/>
    <property name="user.language" value="en"/>
    <property name="java.specification.vendor" value="Oracle Corporation"/>
    <property name="java.version.date" value="2023-01-17"/>
    <property name="java.home" value="/Users/max/.p2/pool/plugins/org.eclipse.justj.openjdk.hotspot.jre.full.macosx.x86_64_17.0.6.v20230204-1729/jre"/>
    <property name="file.separator" value="/"/>
    <property name="style.color" value="always"/>
    <property name="basedir" value="/Users/max/Desktop/jeeApp"/>
    <property name="java.vm.compressedOopsMode" value="Zero based"/>
    <property name="line.separator" value="&#10;"/>
    <property name="java.specification.name" value="Java Platform API Specification"/>
    <property name="java.vm.specification.vendor" value="Oracle Corporation"/>
    <property name="sun.management.compiler" value="HotSpot 64-Bit Tiered Compilers"/>
    <property name="ftp.nonProxyHosts" value="local|*.local|169.254/16|*.169.254/16"/>
    <property name="java.runtime.version" value="17.0.6+10"/>
    <property name="user.name" value="max"/>
    <property name="path.separator" value=":"/>
    <property name="os.version" value="13.2.1"/>
    <property name="java.runtime.name" value="OpenJDK Runtime Environment"/>
    <property name="file.encoding" value="UTF-8"/>
    <property name="java.vm.name" value="OpenJDK 64-Bit Server VM"/>
    <property name="java.vendor.version" value="Temurin-17.0.6+10"/>
    <property name="localRepository" value="/Users/max/.m2/repository"/>
    <property name="java.vendor.url.bug" value="https://github.com/adoptium/adoptium-support/issues"/>
    <property name="java.io.tmpdir" value="/var/folders/mg/z9yt5m3d2292lv_16j8svk5h0000gn/T/"/>
    <property name="java.version" value="17.0.6"/>
    <property name="user.dir" value="/Users/max/Desktop/jeeApp"/>
    <property name="os.arch" value="x86_64"/>
    <property name="java.vm.specification.name" value="Java Virtual Machine Specification"/>
    <property name="native.encoding" value="UTF-8"/>
    <property name="java.library.path" value="/Users/max/Library/Java/Extensions:/Library/Java/Extensions:/Network/Library/Java/Extensions:/System/Library/Java/Extensions:/usr/lib/java:."/>
    <property name="java.vm.info" value="mixed mode"/>
    <property name="java.vendor" value="Eclipse Adoptium"/>
    <property name="java.vm.version" value="17.0.6+10"/>
    <property name="sun.io.unicode.encoding" value="UnicodeBig"/>
    <property name="socksNonProxyHosts" value="local|*.local|169.254/16|*.169.254/16"/>
    <property name="java.class.version" value="61.0"/>
  </properties>
  <testcase name="testHelloService" classname="myapp.TestMyApp" time="0.337"/>
  <testcase name="testBye" classname="myapp.TestMyApp" time="0.004"/>
  <testcase name="testHelloByContext" classname="myapp.TestMyApp" time="0.005"/>
  <testcase name="testHelloByName" classname="myapp.TestMyApp" time="0.005"/>
</testsuite>